<?xml version="1.0" encoding="UTF-8"?>
<!-- Generated by org.testng.reporters.JUnitXMLReporter -->
<testsuite ignored="2" hostname="LAPTOP-PK8EAFF5" failures="0" tests="2" name="Test" time="21.757" errors="0" timestamp="2022-06-20T21:51:48 IST">
  <testcase classname="TestNG.Annotations" name="test1" time="0.011"/>
  <testcase classname="TestNG.LoginPageFB" name="LoginRegUserOnly" time="4.376"/>
  <testcase classname="TestNG.Annotations" name="Test2" time="0.0">
    <ignored/>
  </testcase> <!-- Test2 -->
  <testcase classname="TestNG.LoginPageFB" name="loginTest" time="0.0">
    <ignored/>
  </testcase> <!-- loginTest -->
</testsuite> <!-- Test -->
